<?xml version="1.0" encoding="UTF-8"?>
<!-- Generated by org.testng.reporters.JUnitXMLReporter -->
<testsuite ignored="0" hostname="LAPTOP-QC1KKNSF" failures="1" tests="5" name="Test" time="14.017" errors="0" timestamp="2024-10-09T17:15:02 IST">
  <testcase classname="api.testcases.UserTest" name="testCreateUser" time="6.506"/>
  <testcase classname="api.testcases.UserTest" name="testGetUserData" time="1.359"/>
  <testcase classname="api.testcases.UserTest" name="testUpdateUser" time="2.947"/>
  <testcase classname="api.testcases.UserTest" name="testDeleteUser" time="1.703"/>
  <testcase classname="api.testcases.UserTestDD" name="testDeleteUser" time="0.0">
    <failure type="java.lang.RuntimeException" message="java.lang.NegativeArraySizeException: -1">
      <![CDATA[java.lang.RuntimeException: java.lang.NegativeArraySizeException: -1
at java.base/java.util.ArrayList.forEach(ArrayList.java:1597)
Caused by: java.lang.NegativeArraySizeException: -1
at api.utilities.DataProviders.UserNameDataProvider(DataProviders.java:35)
... 25 more
... Removed 30 stack frames]]>
    </failure>
  </testcase> <!-- testDeleteUser -->
</testsuite> <!-- Test -->
